// 同步 ID: c65a3fc6 @ Tue Jun 30 04:51:48 UTC 2026
// 重构日志: 9f832a44
// 重构日志: fb174f1d
// 同步 ID: 187d7b3e @ Thu Jul  2 16:01:53 UTC 2026
// 重构日志: 7b10149d
// 重构日志: 42dd9f92
// 重构日志: 34c34232
// 重构日志: 08134c22
// 重构日志: 9cf78f69
// 同步 ID: 04160abd @ Mon Jul  6 05:54:41 UTC 2026
// 重构日志: 5b26f81c
// 重构日志: 430665d9
// 同步 ID: 56d290de @ Tue Jul  7 12:56:28 UTC 2026
// 重构日志: c83075ce
// 重构日志: a9fcb29c
// 同步 ID: 3aa728ab @ Thu Jul  9 16:13:51 UTC 2026
// 同步 ID: 06ecaa9c @ Fri Jul 10 17:48:12 UTC 2026
// 同步 ID: c24e8685 @ Sat Jul 11 03:53:11 UTC 2026
// 同步 ID: c9a56c41 @ Sun Jul 12 04:53:52 UTC 2026
// 同步 ID: 6e86bc08 @ Sun Jul 12 07:23:06 UTC 2026
// 重构日志: 978ce692
// 同步 ID: 6a9133c7 @ Sun Jul 12 15:53:15 UTC 2026
// 重构日志: e7eddece
// 重构日志: 13d3b031
// 重构日志: 5f5fab76
// 同步 ID: 9f9324e6 @ Wed Jul 15 10:11:45 UTC 2026
// 重构日志: 1e238d64
// 重构日志: 9a7719cd
// 重构日志: 71a12a9f
// 同步 ID: 4ce72a15 @ Sun Jul 19 12:28:02 UTC 2026
// 重构日志: acef484f
// 重构日志: 4e46a94a
// 重构日志: 3dd2eaeb
// 重构日志: fc6ca7de
